<?xml version="1.0" encoding="UTF-8"?>
<testng-results ignored="0" total="1" passed="1" failed="0" skipped="0">
  <reporter-output>
  </reporter-output>
  <suite started-at="2024-01-10T21:21:47 IST" name="Default suite" finished-at="2024-01-10T21:21:54 IST" duration-ms="7307">
    <groups>
    </groups>
    <test started-at="2024-01-10T21:21:47 IST" name="Default test" finished-at="2024-01-10T21:21:54 IST" duration-ms="7307">
      <class name="datadriventest.Datadriventestwithjsonfile">
        <test-method signature="postmethod()[pri:0, instance:datadriventest.Datadriventestwithjsonfile@436813f3]" started-at="2024-01-10T21:21:47 IST" name="postmethod" finished-at="2024-01-10T21:21:54 IST" duration-ms="7210" status="PASS">
          <reporter-output>
          </reporter-output>
        </test-method> <!-- postmethod -->
      </class> <!-- datadriventest.Datadriventestwithjsonfile -->
    </test> <!-- Default test -->
  </suite> <!-- Default suite -->
</testng-results>
